0 info it worked if it ends with ok
1 verbose cli [ '/usr/local/bin/node', '/usr/local/bin/npm', 'run', 'build' ]
2 info using npm@3.10.10
3 info using node@v6.10.3
4 verbose run-script [ 'prebuild', 'build', 'postbuild' ]
5 info lifecycle squirrel-portal@0.0.0~prebuild: squirrel-portal@0.0.0
6 silly lifecycle squirrel-portal@0.0.0~prebuild: no script for prebuild, continuing
7 info lifecycle squirrel-portal@0.0.0~build: squirrel-portal@0.0.0
8 verbose lifecycle squirrel-portal@0.0.0~build: unsafe-perm in lifecycle true
9 verbose lifecycle squirrel-portal@0.0.0~build: PATH: /usr/local/lib/node_modules/npm/bin/node-gyp-bin:/Users/roper/收纳盒/WorkSpace/computer-backdoor/node_modules/.bin:/Library/Java/JavaVirtualMachines/jdk1.8.0_131.jdk/Contents/Home/bin:/Users/roper/收纳盒/setting_file/apache-maven-3.5.0/bin:/opt/local/bin:/opt/local/sbin:/Library/Java/JavaVirtualMachines/jdk1.8.0_131.jdk/Contents/Home/bin:/usr/local/bin:/usr/bin:/bin:/usr/sbin:/sbin:/usr/local/git/bin:
10 verbose lifecycle squirrel-portal@0.0.0~build: CWD: /Users/roper/收纳盒/WorkSpace/computer-backdoor
11 silly lifecycle squirrel-portal@0.0.0~build: Args: [ '-c',
11 silly lifecycle   'browserify public/js/*.js -o build/*.js && browserify public/css/*.css -o build/*.css && npm start' ]
12 silly lifecycle squirrel-portal@0.0.0~build: Returned: code: 1  signal: null
13 info lifecycle squirrel-portal@0.0.0~build: Failed to exec build script
14 verbose stack Error: squirrel-portal@0.0.0 build: `browserify public/js/*.js -o build/*.js && browserify public/css/*.css -o build/*.css && npm start`
14 verbose stack Exit status 1
14 verbose stack     at EventEmitter.<anonymous> (/usr/local/lib/node_modules/npm/lib/utils/lifecycle.js:255:16)
14 verbose stack     at emitTwo (events.js:106:13)
14 verbose stack     at EventEmitter.emit (events.js:191:7)
14 verbose stack     at ChildProcess.<anonymous> (/usr/local/lib/node_modules/npm/lib/utils/spawn.js:40:14)
14 verbose stack     at emitTwo (events.js:106:13)
14 verbose stack     at ChildProcess.emit (events.js:191:7)
14 verbose stack     at maybeClose (internal/child_process.js:886:16)
14 verbose stack     at Process.ChildProcess._handle.onexit (internal/child_process.js:226:5)
15 verbose pkgid squirrel-portal@0.0.0
16 verbose cwd /Users/roper/收纳盒/WorkSpace/computer-backdoor
17 error Darwin 16.6.0
18 error argv "/usr/local/bin/node" "/usr/local/bin/npm" "run" "build"
19 error node v6.10.3
20 error npm  v3.10.10
21 error code ELIFECYCLE
22 error squirrel-portal@0.0.0 build: `browserify public/js/*.js -o build/*.js && browserify public/css/*.css -o build/*.css && npm start`
22 error Exit status 1
23 error Failed at the squirrel-portal@0.0.0 build script 'browserify public/js/*.js -o build/*.js && browserify public/css/*.css -o build/*.css && npm start'.
23 error Make sure you have the latest version of node.js and npm installed.
23 error If you do, this is most likely a problem with the squirrel-portal package,
23 error not with npm itself.
23 error Tell the author that this fails on your system:
23 error     browserify public/js/*.js -o build/*.js && browserify public/css/*.css -o build/*.css && npm start
23 error You can get information on how to open an issue for this project with:
23 error     npm bugs squirrel-portal
23 error Or if that isn't available, you can get their info via:
23 error     npm owner ls squirrel-portal
23 error There is likely additional logging output above.
24 verbose exit [ 1, true ]
